<?xml version="1.0" encoding="UTF-8"?>
<!-- Generated by org.testng.reporters.JUnitXMLReporter -->
<testsuite hostname="KLICDT030894" name="Test" tests="1" failures="1" timestamp="12 Mar 2021 07:02:08 GMT" time="385.65" errors="0">
  <testcase name="ulipKotakTest on ComboAppData [iTestCaseID=0, sGender=null, sTobacoUser=null, sName=null, sDOB=null,sPopUp=null, sMobileNO=null, sEmail=null, sPremiumType=null, sAnuallIncome=null,sAnualIncmeAmt=null,sPolicyPeriod=null, sPolicyPremium=null,sQualification=null,sCovrageAmt=null,sCovrageAddon=null,sPanNo=null,sPincode=null , sCardno =null, sMonthcreitcrd=null, sYearcrdtcard =null, sCvvnocredtcard=null, saddline1=null,saddline2=null, saddLandmark=null,sAddharno=null, sMaritialStatus=null,sweightd=null, sHeightselctFt =null,sHeightselctinch=null, sFatherName=null, sMotherName=null, sNominGender=null,sNomineeDOb=null]" time="378.425" classname="comboAppTests.ComboAppTest">
    <failure type="org.openqa.selenium.NoSuchElementException" message="no such element: Unable to locate element: {&amp;quot;method&amp;quot;:&amp;quot;xpath&amp;quot;,&amp;quot;selector&amp;quot;:&amp;quot;//button[contains(text(),&amp;apos;CONTINUE&amp;apos;)]&amp;quot;}
  (Session info: chrome=70.0.3538.67)
  (Driver info: chromedriver=2.35.528161 (5b82f2d2aae0ca24b877009200ced9065a772e73),platform=Windows NT 10.0.14393 x86_64) (WARNING: The server did not provide any stacktrace information)
Command duration or timeout: 20.03 seconds
For documentation on this error, please visit: http://seleniumhq.org/exceptions/no_such_element.html
Build info: version: &amp;apos;2.53.1&amp;apos;, revision: &amp;apos;a36b8b1&amp;apos;, time: &amp;apos;2016-06-30 17:37:03&amp;apos;
System info: host: &amp;apos;KLICDT030894&amp;apos;, ip: &amp;apos;10.3.7.181&amp;apos;, os.name: &amp;apos;Windows 10&amp;apos;, os.arch: &amp;apos;amd64&amp;apos;, os.version: &amp;apos;10.0&amp;apos;, java.version: &amp;apos;1.8.0_181&amp;apos;
Driver info: org.openqa.selenium.chrome.ChromeDriver
Capabilities [{applicationCacheEnabled=false, rotatable=false, mobileEmulationEnabled=false, networkConnectionEnabled=false, chrome={chromedriverVersion=2.35.528161 (5b82f2d2aae0ca24b877009200ced9065a772e73), userDataDir=C:\Users\lo3433\AppData\Local\Temp\scoped_dir10648_24318}, takesHeapSnapshot=true, pageLoadStrategy=normal, databaseEnabled=false, handlesAlerts=true, hasTouchScreen=false, version=70.0.3538.67, platform=XP, browserConnectionEnabled=false, nativeEvents=true, acceptSslCerts=false, acceptInsecureCerts=false, locationContextEnabled=true, webStorageEnabled=true, browserName=chrome, takesScreenshot=true, javascriptEnabled=true, cssSelectorsEnabled=true, setWindowRect=true, unexpectedAlertBehaviour=}]
Session ID: 32988a9ef97afec258da9c8a2bc95b2e
*** Element info: {Using=xpath, value=//button[contains(text(),&amp;apos;CONTINUE&amp;apos;)]}">
      <![CDATA[org.openqa.selenium.NoSuchElementException: no such element: Unable to locate element: {"method":"xpath","selector":"//button[contains(text(),'CONTINUE')]"}
  (Session info: chrome=70.0.3538.67)
  (Driver info: chromedriver=2.35.528161 (5b82f2d2aae0ca24b877009200ced9065a772e73),platform=Windows NT 10.0.14393 x86_64) (WARNING: The server did not provide any stacktrace information)
Command duration or timeout: 20.03 seconds
For documentation on this error, please visit: http://seleniumhq.org/exceptions/no_such_element.html
Build info: version: '2.53.1', revision: 'a36b8b1', time: '2016-06-30 17:37:03'
System info: host: 'KLICDT030894', ip: '10.3.7.181', os.name: 'Windows 10', os.arch: 'amd64', os.version: '10.0', java.version: '1.8.0_181'
Driver info: org.openqa.selenium.chrome.ChromeDriver
Capabilities [{applicationCacheEnabled=false, rotatable=false, mobileEmulationEnabled=false, networkConnectionEnabled=false, chrome={chromedriverVersion=2.35.528161 (5b82f2d2aae0ca24b877009200ced9065a772e73), userDataDir=C:\Users\lo3433\AppData\Local\Temp\scoped_dir10648_24318}, takesHeapSnapshot=true, pageLoadStrategy=normal, databaseEnabled=false, handlesAlerts=true, hasTouchScreen=false, version=70.0.3538.67, platform=XP, browserConnectionEnabled=false, nativeEvents=true, acceptSslCerts=false, acceptInsecureCerts=false, locationContextEnabled=true, webStorageEnabled=true, browserName=chrome, takesScreenshot=true, javascriptEnabled=true, cssSelectorsEnabled=true, setWindowRect=true, unexpectedAlertBehaviour=}]
Session ID: 32988a9ef97afec258da9c8a2bc95b2e
*** Element info: {Using=xpath, value=//button[contains(text(),'CONTINUE')]}
	at org.openqa.selenium.remote.ErrorHandler.createThrowable(ErrorHandler.java:206)
	at org.openqa.selenium.remote.ErrorHandler.throwIfResponseFailed(ErrorHandler.java:158)
	at org.openqa.selenium.remote.RemoteWebDriver.execute(RemoteWebDriver.java:678)
	at org.openqa.selenium.remote.RemoteWebDriver.findElement(RemoteWebDriver.java:363)
	at org.openqa.selenium.remote.RemoteWebDriver.findElementByXPath(RemoteWebDriver.java:500)
	at org.openqa.selenium.By$ByXPath.findElement(By.java:361)
	at org.openqa.selenium.remote.RemoteWebDriver.findElement(RemoteWebDriver.java:355)
	at org.openqa.selenium.support.pagefactory.DefaultElementLocator.findElement(DefaultElementLocator.java:69)
	at org.openqa.selenium.support.pagefactory.internal.LocatingElementHandler.invoke(LocatingElementHandler.java:38)
	at com.sun.proxy.$Proxy10.click(Unknown Source)
	at comboAppPages.PaymentInfoPage.fnPayinfo(PaymentInfoPage.java:95)
	at comboAppTests.ComboAppTest.ulipKotakTest(ComboAppTest.java:50)
... Removed 28 stack frames]]>
    </failure>
  </testcase> <!-- ulipKotakTest on ComboAppData [iTestCaseID=0, sGender=null, sTobacoUser=null, sName=null, sDOB=null,sPopUp=null, sMobileNO=null, sEmail=null, sPremiumType=null, sAnuallIncome=null,sAnualIncmeAmt=null,sPolicyPeriod=null, sPolicyPremium=null,sQualification=null,sCovrageAmt=null,sCovrageAddon=null,sPanNo=null,sPincode=null , sCardno =null, sMonthcreitcrd=null, sYearcrdtcard =null, sCvvnocredtcard=null, saddline1=null,saddline2=null, saddLandmark=null,sAddharno=null, sMaritialStatus=null,sweightd=null, sHeightselctFt =null,sHeightselctinch=null, sFatherName=null, sMotherName=null, sNominGender=null,sNomineeDOb=null] -->
</testsuite> <!-- Test -->
